  [4;36;1mSQL (0.1ms)[0m   [0;1mSET NAMES 'utf8'[0m
  [4;35;1mSQL (0.1ms)[0m   [0mSET SQL_AUTO_IS_NULL=0[0m


Processing Rails::InfoController#properties (for 127.0.0.1 at 2010-03-16 19:21:15) [GET]
  [4;36;1mSQL (0.3ms)[0m   [0;1mSHOW TABLES[0m
Completed in 20ms (View: 2, DB: 0) | 200 OK [http://localhost/rails/info/properties]
  [4;36;1mSQL (0.1ms)[0m   [0;1mSET NAMES 'utf8'[0m
  [4;35;1mSQL (1.8ms)[0m   [0mSET SQL_AUTO_IS_NULL=0[0m
  [4;36;1mSQL (0.3ms)[0m   [0;1mSHOW TABLES[0m
  [4;35;1mSQL (265.7ms)[0m   [0mCREATE TABLE `schema_migrations` (`version` varchar(255) NOT NULL) ENGINE=InnoDB[0m
  [4;36;1mSQL (533.8ms)[0m   [0;1mCREATE UNIQUE INDEX `unique_schema_migrations` ON `schema_migrations` (`version`)[0m
  [4;35;1mSQL (0.6ms)[0m   [0mSHOW TABLES[0m
  [4;36;1mSQL (0.6ms)[0m   [0;1mSELECT version FROM schema_migrations[0m
Migrating to CreateTasks (20100316182822)
  [4;35;1mSQL (312.7ms)[0m   [0mCREATE TABLE `tasks` (`id` int(11) DEFAULT NULL auto_increment PRIMARY KEY, `title` varchar(255), `created_at` datetime, `updated_at` datetime) ENGINE=InnoDB[0m
  [4;36;1mSQL (84.1ms)[0m   [0;1mINSERT INTO schema_migrations (version) VALUES ('20100316182822')[0m
  [4;35;1mSQL (0.5ms)[0m   [0mSHOW TABLES[0m
  [4;36;1mSQL (0.3ms)[0m   [0;1mSELECT version FROM schema_migrations[0m
  [4;35;1mSQL (0.3ms)[0m   [0mSHOW TABLES[0m
  [4;36;1mSQL (1.4ms)[0m   [0;1mSHOW FIELDS FROM `tasks`[0m
  [4;35;1mSQL (1.1ms)[0m   [0mdescribe `tasks`[0m
  [4;36;1mSQL (0.2ms)[0m   [0;1mSHOW KEYS FROM `tasks`[0m
  [4;36;1mSQL (0.2ms)[0m   [0;1mSET NAMES 'utf8'[0m
  [4;35;1mSQL (0.1ms)[0m   [0mSET SQL_AUTO_IS_NULL=0[0m
  [4;36;1mTask Columns (1.1ms)[0m   [0;1mSHOW FIELDS FROM `tasks`[0m
  [4;36;1mSQL (0.1ms)[0m   [0;1mSET NAMES 'utf8'[0m
  [4;35;1mSQL (0.9ms)[0m   [0mSET SQL_AUTO_IS_NULL=0[0m
  [4;36;1mSQL (0.4ms)[0m   [0;1mSHOW TABLES[0m
  [4;35;1mSQL (0.4ms)[0m   [0mSELECT version FROM schema_migrations[0m
Migrating to CreateTasks (20100316182822)
  [4;36;1mSQL (0.3ms)[0m   [0;1mSHOW TABLES[0m
  [4;35;1mSQL (0.1ms)[0m   [0mSELECT version FROM schema_migrations[0m
  [4;36;1mSQL (0.2ms)[0m   [0;1mSHOW TABLES[0m
  [4;35;1mSQL (0.5ms)[0m   [0mSHOW FIELDS FROM `tasks`[0m
  [4;36;1mSQL (0.4ms)[0m   [0;1mdescribe `tasks`[0m
  [4;35;1mSQL (0.2ms)[0m   [0mSHOW KEYS FROM `tasks`[0m
  [4;36;1mSQL (0.1ms)[0m   [0;1mSET NAMES 'utf8'[0m
  [4;35;1mSQL (0.1ms)[0m   [0mSET SQL_AUTO_IS_NULL=0[0m
  [4;36;1mSQL (0.3ms)[0m   [0;1mSHOW TABLES[0m
  [4;35;1mSQL (0.2ms)[0m   [0mSELECT version FROM schema_migrations[0m
Migrating to CreateTasks (20100316182822)
  [4;36;1mSQL (0.3ms)[0m   [0;1mSHOW TABLES[0m
  [4;35;1mSQL (0.1ms)[0m   [0mSELECT version FROM schema_migrations[0m
  [4;36;1mSQL (0.2ms)[0m   [0;1mSHOW TABLES[0m
  [4;35;1mSQL (0.6ms)[0m   [0mSHOW FIELDS FROM `tasks`[0m
  [4;36;1mSQL (0.5ms)[0m   [0;1mdescribe `tasks`[0m
  [4;35;1mSQL (0.2ms)[0m   [0mSHOW KEYS FROM `tasks`[0m
  [4;36;1mSQL (0.1ms)[0m   [0;1mSET NAMES 'utf8'[0m
  [4;35;1mSQL (0.1ms)[0m   [0mSET SQL_AUTO_IS_NULL=0[0m
  [4;36;1mSQL (0.2ms)[0m   [0;1mSHOW TABLES[0m
  [4;35;1mSQL (0.1ms)[0m   [0mSELECT version FROM schema_migrations[0m
Migrating to CreateTasks (20100316182822)
  [4;36;1mSQL (0.6ms)[0m   [0;1mSHOW TABLES[0m
  [4;35;1mSQL (0.1ms)[0m   [0mSELECT version FROM schema_migrations[0m
  [4;36;1mSQL (0.2ms)[0m   [0;1mSHOW TABLES[0m
  [4;35;1mSQL (0.5ms)[0m   [0mSHOW FIELDS FROM `tasks`[0m
  [4;36;1mSQL (0.4ms)[0m   [0;1mdescribe `tasks`[0m
  [4;35;1mSQL (0.2ms)[0m   [0mSHOW KEYS FROM `tasks`[0m
  [4;36;1mSQL (0.1ms)[0m   [0;1mSET NAMES 'utf8'[0m
  [4;35;1mSQL (1.8ms)[0m   [0mSET SQL_AUTO_IS_NULL=0[0m


Processing ApplicationController#index (for 127.0.0.1 at 2010-03-16 19:45:16) [GET]

ActionController::RoutingError (No route matches "/tasks" with {:method=>:get}):
  

Rendering rescues/layout (not_found)
  [4;36;1mSQL (0.1ms)[0m   [0;1mSET NAMES 'utf8'[0m
  [4;35;1mSQL (1.0ms)[0m   [0mSET SQL_AUTO_IS_NULL=0[0m


Processing TasksController#index (for 127.0.0.1 at 2010-03-16 19:45:36) [GET]
  [4;36;1mTask Load (1.7ms)[0m   [0;1mSELECT * FROM `tasks` [0m
Rendering tasks/index
Completed in 83ms (View: 75, DB: 3) | 200 OK [http://localhost/tasks]
  [4;35;1mSQL (0.5ms)[0m   [0mSHOW TABLES[0m
  [4;35;1mSQL (0.1ms)[0m   [0mSET NAMES 'utf8'[0m
  [4;36;1mSQL (0.1ms)[0m   [0;1mSET SQL_AUTO_IS_NULL=0[0m


Processing TasksController#index (for 127.0.0.1 at 2010-03-16 19:50:59) [GET]
  [4;35;1mTask Load (0.1ms)[0m   [0mSELECT * FROM `tasks` [0m
Rendering tasks/index
ERROR: compiling _run_erb_app47views47tasks47index46html46erb RAISED compile error
/home/dudi/Dropbox/Projects/Rails/todo/app/views/tasks/index.html.erb:12: syntax error, unexpected kENSURE, expecting $end
Function body:           def _run_erb_app47views47tasks47index46html46erb(local_assigns)
            old_output_buffer = output_buffer;;@output_buffer = '';  __in_erb_template=true ; @output_buffer.concat "<h1>Zadania do wykonania</h1>\n"
;  @tasks.each do |t| ; @output_buffer.concat "\n  <p> "
; @output_buffer.concat(( t.title ).to_s); @output_buffer.concat " </p>\n"
;  end ; @output_buffer.concat "\n\n< form_for :task do |f| %>\n  <div>"


; @output_buffer.concat(( f.text_field :title ).to_s); @output_buffer.concat "</div>\n  <div>"
; @output_buffer.concat(( f.text_area :description ).to_s); @output_buffer.concat "</div>\n  <div>"
; @output_buffer.concat(( submit_tag "zapisz" ).to_s); @output_buffer.concat "</div>\n"
;  end ; @output_buffer.concat "\n"
; @output_buffer
          ensure
            self.output_buffer = old_output_buffer
          end
Backtrace: /home/dudi/Dropbox/Projects/Rails/todo/app/views/tasks/index.html.erb:12:in `compile!'
/home/dudi/.gem/ruby/1.8/gems/actionpack-2.3.5/lib/action_view/renderable.rb:61:in `compile'
/home/dudi/.gem/ruby/1.8/gems/actionpack-2.3.5/lib/action_view/renderable.rb:28:in `render'
/home/dudi/.gem/ruby/1.8/gems/actionpack-2.3.5/lib/action_view/template.rb:205:in `render_template'
/home/dudi/.gem/ruby/1.8/gems/actionpack-2.3.5/lib/action_view/base.rb:265:in `render'
/home/dudi/.gem/ruby/1.8/gems/actionpack-2.3.5/lib/action_controller/base.rb:1250:in `render_for_file'
/home/dudi/.gem/ruby/1.8/gems/actionpack-2.3.5/lib/action_controller/base.rb:945:in `render_without_benchmark'
/home/dudi/.gem/ruby/1.8/gems/actionpack-2.3.5/lib/action_controller/benchmarking.rb:51:in `render'
/home/dudi/.gem/ruby/1.8/gems/activesupport-2.3.5/lib/active_support/core_ext/benchmark.rb:17:in `ms'
/usr/lib/ruby/1.8/benchmark.rb:308:in `realtime'
/home/dudi/.gem/ruby/1.8/gems/activesupport-2.3.5/lib/active_support/core_ext/benchmark.rb:17:in `ms'
/home/dudi/.gem/ruby/1.8/gems/actionpack-2.3.5/lib/action_controller/benchmarking.rb:51:in `render'
/home/dudi/.gem/ruby/1.8/gems/actionpack-2.3.5/lib/action_controller/base.rb:1326:in `default_render'
/home/dudi/.gem/ruby/1.8/gems/actionpack-2.3.5/lib/action_controller/base.rb:1332:in `perform_action_without_filters'
/home/dudi/.gem/ruby/1.8/gems/actionpack-2.3.5/lib/action_controller/filters.rb:617:in `call_filters'
/home/dudi/.gem/ruby/1.8/gems/actionpack-2.3.5/lib/action_controller/filters.rb:610:in `perform_action_without_benchmark'
/home/dudi/.gem/ruby/1.8/gems/actionpack-2.3.5/lib/action_controller/benchmarking.rb:68:in `perform_action_without_rescue'
/home/dudi/.gem/ruby/1.8/gems/activesupport-2.3.5/lib/active_support/core_ext/benchmark.rb:17:in `ms'
/usr/lib/ruby/1.8/benchmark.rb:308:in `realtime'
/home/dudi/.gem/ruby/1.8/gems/activesupport-2.3.5/lib/active_support/core_ext/benchmark.rb:17:in `ms'
/home/dudi/.gem/ruby/1.8/gems/actionpack-2.3.5/lib/action_controller/benchmarking.rb:68:in `perform_action_without_rescue'
/home/dudi/.gem/ruby/1.8/gems/actionpack-2.3.5/lib/action_controller/rescue.rb:160:in `perform_action_without_flash'
/home/dudi/.gem/ruby/1.8/gems/actionpack-2.3.5/lib/action_controller/flash.rb:146:in `perform_action'
/home/dudi/.gem/ruby/1.8/gems/actionpack-2.3.5/lib/action_controller/base.rb:532:in `send'
/home/dudi/.gem/ruby/1.8/gems/actionpack-2.3.5/lib/action_controller/base.rb:532:in `process_without_filters'
/home/dudi/.gem/ruby/1.8/gems/actionpack-2.3.5/lib/action_controller/filters.rb:606:in `process'
/home/dudi/.gem/ruby/1.8/gems/actionpack-2.3.5/lib/action_controller/base.rb:391:in `process'
/home/dudi/.gem/ruby/1.8/gems/actionpack-2.3.5/lib/action_controller/base.rb:386:in `call'
/home/dudi/.gem/ruby/1.8/gems/actionpack-2.3.5/lib/action_controller/routing/route_set.rb:437:in `call'
/home/dudi/.gem/ruby/1.8/gems/actionpack-2.3.5/lib/action_controller/dispatcher.rb:87:in `dispatch'
/home/dudi/.gem/ruby/1.8/gems/actionpack-2.3.5/lib/action_controller/dispatcher.rb:121:in `_call'
/home/dudi/.gem/ruby/1.8/gems/actionpack-2.3.5/lib/action_controller/dispatcher.rb:130:in `build_middleware_stack'
/home/dudi/.gem/ruby/1.8/gems/activerecord-2.3.5/lib/active_record/query_cache.rb:29:in `call'
/home/dudi/.gem/ruby/1.8/gems/activerecord-2.3.5/lib/active_record/query_cache.rb:29:in `call'
/home/dudi/.gem/ruby/1.8/gems/activerecord-2.3.5/lib/active_record/connection_adapters/abstract/query_cache.rb:34:in `cache'
/home/dudi/.gem/ruby/1.8/gems/activerecord-2.3.5/lib/active_record/query_cache.rb:9:in `cache'
/home/dudi/.gem/ruby/1.8/gems/activerecord-2.3.5/lib/active_record/query_cache.rb:28:in `call'
/home/dudi/.gem/ruby/1.8/gems/activerecord-2.3.5/lib/active_record/connection_adapters/abstract/connection_pool.rb:361:in `call'
/home/dudi/.gem/ruby/1.8/gems/actionpack-2.3.5/lib/action_controller/string_coercion.rb:25:in `call'
/usr/lib/ruby/gems/1.8/gems/rack-1.0.1/lib/rack/head.rb:9:in `call'
/usr/lib/ruby/gems/1.8/gems/rack-1.0.1/lib/rack/methodoverride.rb:24:in `call'
/home/dudi/.gem/ruby/1.8/gems/actionpack-2.3.5/lib/action_controller/params_parser.rb:15:in `call'
/home/dudi/.gem/ruby/1.8/gems/actionpack-2.3.5/lib/action_controller/session/cookie_store.rb:93:in `call'
/home/dudi/.gem/ruby/1.8/gems/actionpack-2.3.5/lib/action_controller/failsafe.rb:26:in `call'
/usr/lib/ruby/gems/1.8/gems/rack-1.0.1/lib/rack/lock.rb:11:in `call'
/usr/lib/ruby/gems/1.8/gems/rack-1.0.1/lib/rack/lock.rb:11:in `synchronize'
/usr/lib/ruby/gems/1.8/gems/rack-1.0.1/lib/rack/lock.rb:11:in `call'
/home/dudi/.gem/ruby/1.8/gems/actionpack-2.3.5/lib/action_controller/dispatcher.rb:114:in `call'
/home/dudi/.gem/ruby/1.8/gems/actionpack-2.3.5/lib/action_controller/reloader.rb:34:in `run'
/home/dudi/.gem/ruby/1.8/gems/actionpack-2.3.5/lib/action_controller/dispatcher.rb:108:in `call'
/home/dudi/.gem/ruby/1.8/gems/rails-2.3.5/lib/rails/rack/static.rb:31:in `call'
/usr/lib/ruby/gems/1.8/gems/rack-1.0.1/lib/rack/urlmap.rb:46:in `call'
/usr/lib/ruby/gems/1.8/gems/rack-1.0.1/lib/rack/urlmap.rb:40:in `each'
/usr/lib/ruby/gems/1.8/gems/rack-1.0.1/lib/rack/urlmap.rb:40:in `call'
/home/dudi/.gem/ruby/1.8/gems/rails-2.3.5/lib/rails/rack/log_tailer.rb:17:in `call'
/usr/lib/ruby/gems/1.8/gems/rack-1.0.1/lib/rack/content_length.rb:13:in `call'
/usr/lib/ruby/gems/1.8/gems/rack-1.0.1/lib/rack/chunked.rb:15:in `call'
/usr/lib/ruby/gems/1.8/gems/rack-1.0.1/lib/rack/handler/mongrel.rb:64:in `process'
/usr/lib/ruby/gems/1.8/gems/mongrel-1.1.5/lib/mongrel.rb:159:in `process_client'
/usr/lib/ruby/gems/1.8/gems/mongrel-1.1.5/lib/mongrel.rb:158:in `each'
/usr/lib/ruby/gems/1.8/gems/mongrel-1.1.5/lib/mongrel.rb:158:in `process_client'
/usr/lib/ruby/gems/1.8/gems/mongrel-1.1.5/lib/mongrel.rb:285:in `run'
/usr/lib/ruby/gems/1.8/gems/mongrel-1.1.5/lib/mongrel.rb:285:in `initialize'
/usr/lib/ruby/gems/1.8/gems/mongrel-1.1.5/lib/mongrel.rb:285:in `new'
/usr/lib/ruby/gems/1.8/gems/mongrel-1.1.5/lib/mongrel.rb:285:in `run'
/usr/lib/ruby/gems/1.8/gems/mongrel-1.1.5/lib/mongrel.rb:268:in `initialize'
/usr/lib/ruby/gems/1.8/gems/mongrel-1.1.5/lib/mongrel.rb:268:in `new'
/usr/lib/ruby/gems/1.8/gems/mongrel-1.1.5/lib/mongrel.rb:268:in `run'
/usr/lib/ruby/gems/1.8/gems/rack-1.0.1/lib/rack/handler/mongrel.rb:34:in `run'
/home/dudi/.gem/ruby/1.8/gems/rails-2.3.5/lib/commands/server.rb:111
/usr/local/lib/site_ruby/1.8/rubygems/custom_require.rb:31:in `gem_original_require'
/usr/local/lib/site_ruby/1.8/rubygems/custom_require.rb:31:in `require'
script/server:3

ActionView::TemplateError (compile error
/home/dudi/Dropbox/Projects/Rails/todo/app/views/tasks/index.html.erb:12: syntax error, unexpected kENSURE, expecting $end) on line #12 of app/views/tasks/index.html.erb:
9:   <div><%= submit_tag "zapisz" %></div>
10: <% end %>

    app/views/tasks/index.html.erb:12:in `compile!'

Rendered rescues/_trace (100.0ms)
Rendered rescues/_request_and_response (2.1ms)
Rendering rescues/layout (internal_server_error)
  [4;36;1mSQL (0.1ms)[0m   [0;1mSET NAMES 'utf8'[0m
  [4;35;1mSQL (13.1ms)[0m   [0mSET SQL_AUTO_IS_NULL=0[0m


Processing TasksController#index (for 127.0.0.1 at 2010-03-16 19:53:45) [GET]
  [4;36;1mTask Load (0.1ms)[0m   [0;1mSELECT * FROM `tasks` [0m
Rendering tasks/index
ERROR: compiling _run_erb_app47views47tasks47index46html46erb RAISED compile error
/home/dudi/Dropbox/Projects/Rails/todo/app/views/tasks/index.html.erb:15: syntax error, unexpected kENSURE, expecting $end
Function body:           def _run_erb_app47views47tasks47index46html46erb(local_assigns)
            old_output_buffer = output_buffer;;@output_buffer = '';  __in_erb_template=true ; @output_buffer.concat "<h1>Zadania do wykonania</h1>\n"
;  @tasks.each do |t| ; @output_buffer.concat "\n  <p> "
; @output_buffer.concat(( t.title ).to_s); @output_buffer.concat " </p>\n"
;  end ; @output_buffer.concat "\n\n< form_for :task, \n    :url => {:controller => :tasks,\n      :action=> :create\n      } do |f| %>\n  <div>"





; @output_buffer.concat(( f.text_field :title ).to_s); @output_buffer.concat "</div>\n  <div>"
; @output_buffer.concat(( f.text_area :description ).to_s); @output_buffer.concat "</div>\n  <div>"
; @output_buffer.concat(( submit_tag "zapisz" ).to_s); @output_buffer.concat "</div>\n"
;  end ; @output_buffer.concat "\n"
; @output_buffer
          ensure
            self.output_buffer = old_output_buffer
          end
Backtrace: /home/dudi/Dropbox/Projects/Rails/todo/app/views/tasks/index.html.erb:15:in `compile!'
/home/dudi/.gem/ruby/1.8/gems/actionpack-2.3.5/lib/action_view/renderable.rb:61:in `compile'
/home/dudi/.gem/ruby/1.8/gems/actionpack-2.3.5/lib/action_view/renderable.rb:28:in `render'
/home/dudi/.gem/ruby/1.8/gems/actionpack-2.3.5/lib/action_view/template.rb:205:in `render_template'
/home/dudi/.gem/ruby/1.8/gems/actionpack-2.3.5/lib/action_view/base.rb:265:in `render'
/home/dudi/.gem/ruby/1.8/gems/actionpack-2.3.5/lib/action_controller/base.rb:1250:in `render_for_file'
/home/dudi/.gem/ruby/1.8/gems/actionpack-2.3.5/lib/action_controller/base.rb:945:in `render_without_benchmark'
/home/dudi/.gem/ruby/1.8/gems/actionpack-2.3.5/lib/action_controller/benchmarking.rb:51:in `render'
/home/dudi/.gem/ruby/1.8/gems/activesupport-2.3.5/lib/active_support/core_ext/benchmark.rb:17:in `ms'
/usr/lib/ruby/1.8/benchmark.rb:308:in `realtime'
/home/dudi/.gem/ruby/1.8/gems/activesupport-2.3.5/lib/active_support/core_ext/benchmark.rb:17:in `ms'
/home/dudi/.gem/ruby/1.8/gems/actionpack-2.3.5/lib/action_controller/benchmarking.rb:51:in `render'
/home/dudi/.gem/ruby/1.8/gems/actionpack-2.3.5/lib/action_controller/base.rb:1326:in `default_render'
/home/dudi/.gem/ruby/1.8/gems/actionpack-2.3.5/lib/action_controller/base.rb:1332:in `perform_action_without_filters'
/home/dudi/.gem/ruby/1.8/gems/actionpack-2.3.5/lib/action_controller/filters.rb:617:in `call_filters'
/home/dudi/.gem/ruby/1.8/gems/actionpack-2.3.5/lib/action_controller/filters.rb:610:in `perform_action_without_benchmark'
/home/dudi/.gem/ruby/1.8/gems/actionpack-2.3.5/lib/action_controller/benchmarking.rb:68:in `perform_action_without_rescue'
/home/dudi/.gem/ruby/1.8/gems/activesupport-2.3.5/lib/active_support/core_ext/benchmark.rb:17:in `ms'
/usr/lib/ruby/1.8/benchmark.rb:308:in `realtime'
/home/dudi/.gem/ruby/1.8/gems/activesupport-2.3.5/lib/active_support/core_ext/benchmark.rb:17:in `ms'
/home/dudi/.gem/ruby/1.8/gems/actionpack-2.3.5/lib/action_controller/benchmarking.rb:68:in `perform_action_without_rescue'
/home/dudi/.gem/ruby/1.8/gems/actionpack-2.3.5/lib/action_controller/rescue.rb:160:in `perform_action_without_flash'
/home/dudi/.gem/ruby/1.8/gems/actionpack-2.3.5/lib/action_controller/flash.rb:146:in `perform_action'
/home/dudi/.gem/ruby/1.8/gems/actionpack-2.3.5/lib/action_controller/base.rb:532:in `send'
/home/dudi/.gem/ruby/1.8/gems/actionpack-2.3.5/lib/action_controller/base.rb:532:in `process_without_filters'
/home/dudi/.gem/ruby/1.8/gems/actionpack-2.3.5/lib/action_controller/filters.rb:606:in `process'
/home/dudi/.gem/ruby/1.8/gems/actionpack-2.3.5/lib/action_controller/base.rb:391:in `process'
/home/dudi/.gem/ruby/1.8/gems/actionpack-2.3.5/lib/action_controller/base.rb:386:in `call'
/home/dudi/.gem/ruby/1.8/gems/actionpack-2.3.5/lib/action_controller/routing/route_set.rb:437:in `call'
/home/dudi/.gem/ruby/1.8/gems/actionpack-2.3.5/lib/action_controller/dispatcher.rb:87:in `dispatch'
/home/dudi/.gem/ruby/1.8/gems/actionpack-2.3.5/lib/action_controller/dispatcher.rb:121:in `_call'
/home/dudi/.gem/ruby/1.8/gems/actionpack-2.3.5/lib/action_controller/dispatcher.rb:130:in `build_middleware_stack'
/home/dudi/.gem/ruby/1.8/gems/activerecord-2.3.5/lib/active_record/query_cache.rb:29:in `call'
/home/dudi/.gem/ruby/1.8/gems/activerecord-2.3.5/lib/active_record/query_cache.rb:29:in `call'
/home/dudi/.gem/ruby/1.8/gems/activerecord-2.3.5/lib/active_record/connection_adapters/abstract/query_cache.rb:34:in `cache'
/home/dudi/.gem/ruby/1.8/gems/activerecord-2.3.5/lib/active_record/query_cache.rb:9:in `cache'
/home/dudi/.gem/ruby/1.8/gems/activerecord-2.3.5/lib/active_record/query_cache.rb:28:in `call'
/home/dudi/.gem/ruby/1.8/gems/activerecord-2.3.5/lib/active_record/connection_adapters/abstract/connection_pool.rb:361:in `call'
/home/dudi/.gem/ruby/1.8/gems/actionpack-2.3.5/lib/action_controller/string_coercion.rb:25:in `call'
/usr/lib/ruby/gems/1.8/gems/rack-1.0.1/lib/rack/head.rb:9:in `call'
/usr/lib/ruby/gems/1.8/gems/rack-1.0.1/lib/rack/methodoverride.rb:24:in `call'
/home/dudi/.gem/ruby/1.8/gems/actionpack-2.3.5/lib/action_controller/params_parser.rb:15:in `call'
/home/dudi/.gem/ruby/1.8/gems/actionpack-2.3.5/lib/action_controller/session/cookie_store.rb:93:in `call'
/home/dudi/.gem/ruby/1.8/gems/actionpack-2.3.5/lib/action_controller/failsafe.rb:26:in `call'
/usr/lib/ruby/gems/1.8/gems/rack-1.0.1/lib/rack/lock.rb:11:in `call'
/usr/lib/ruby/gems/1.8/gems/rack-1.0.1/lib/rack/lock.rb:11:in `synchronize'
/usr/lib/ruby/gems/1.8/gems/rack-1.0.1/lib/rack/lock.rb:11:in `call'
/home/dudi/.gem/ruby/1.8/gems/actionpack-2.3.5/lib/action_controller/dispatcher.rb:114:in `call'
/home/dudi/.gem/ruby/1.8/gems/actionpack-2.3.5/lib/action_controller/reloader.rb:34:in `run'
/home/dudi/.gem/ruby/1.8/gems/actionpack-2.3.5/lib/action_controller/dispatcher.rb:108:in `call'
/home/dudi/.gem/ruby/1.8/gems/rails-2.3.5/lib/rails/rack/static.rb:31:in `call'
/usr/lib/ruby/gems/1.8/gems/rack-1.0.1/lib/rack/urlmap.rb:46:in `call'
/usr/lib/ruby/gems/1.8/gems/rack-1.0.1/lib/rack/urlmap.rb:40:in `each'
/usr/lib/ruby/gems/1.8/gems/rack-1.0.1/lib/rack/urlmap.rb:40:in `call'
/home/dudi/.gem/ruby/1.8/gems/rails-2.3.5/lib/rails/rack/log_tailer.rb:17:in `call'
/usr/lib/ruby/gems/1.8/gems/rack-1.0.1/lib/rack/content_length.rb:13:in `call'
/usr/lib/ruby/gems/1.8/gems/rack-1.0.1/lib/rack/chunked.rb:15:in `call'
/usr/lib/ruby/gems/1.8/gems/rack-1.0.1/lib/rack/handler/mongrel.rb:64:in `process'
/usr/lib/ruby/gems/1.8/gems/mongrel-1.1.5/lib/mongrel.rb:159:in `process_client'
/usr/lib/ruby/gems/1.8/gems/mongrel-1.1.5/lib/mongrel.rb:158:in `each'
/usr/lib/ruby/gems/1.8/gems/mongrel-1.1.5/lib/mongrel.rb:158:in `process_client'
/usr/lib/ruby/gems/1.8/gems/mongrel-1.1.5/lib/mongrel.rb:285:in `run'
/usr/lib/ruby/gems/1.8/gems/mongrel-1.1.5/lib/mongrel.rb:285:in `initialize'
/usr/lib/ruby/gems/1.8/gems/mongrel-1.1.5/lib/mongrel.rb:285:in `new'
/usr/lib/ruby/gems/1.8/gems/mongrel-1.1.5/lib/mongrel.rb:285:in `run'
/usr/lib/ruby/gems/1.8/gems/mongrel-1.1.5/lib/mongrel.rb:268:in `initialize'
/usr/lib/ruby/gems/1.8/gems/mongrel-1.1.5/lib/mongrel.rb:268:in `new'
/usr/lib/ruby/gems/1.8/gems/mongrel-1.1.5/lib/mongrel.rb:268:in `run'
/usr/lib/ruby/gems/1.8/gems/rack-1.0.1/lib/rack/handler/mongrel.rb:34:in `run'
/home/dudi/.gem/ruby/1.8/gems/rails-2.3.5/lib/commands/server.rb:111
/usr/local/lib/site_ruby/1.8/rubygems/custom_require.rb:31:in `gem_original_require'
/usr/local/lib/site_ruby/1.8/rubygems/custom_require.rb:31:in `require'
script/server:3

ActionView::TemplateError (compile error
/home/dudi/Dropbox/Projects/Rails/todo/app/views/tasks/index.html.erb:15: syntax error, unexpected kENSURE, expecting $end) on line #15 of app/views/tasks/index.html.erb:
12:   <div><%= submit_tag "zapisz" %></div>
13: <% end %>

    app/views/tasks/index.html.erb:15:in `compile!'

Rendered rescues/_trace (49.4ms)
Rendered rescues/_request_and_response (0.4ms)
Rendering rescues/layout (internal_server_error)
  [4;36;1mSQL (73.4ms)[0m   [0;1mSET NAMES 'utf8'[0m
  [4;35;1mSQL (44.1ms)[0m   [0mSET SQL_AUTO_IS_NULL=0[0m


Processing ApplicationController#index (for 127.0.0.1 at 2010-03-21 20:18:26) [GET]

SyntaxError (/home/dudi/Dropbox/Projects/Rails/moje/app/controllers/tasks_controller.rb:10: syntax error, unexpected $end, expecting kEND):
  

Rendered rescues/_trace (52.6ms)
Rendered rescues/_request_and_response (1.7ms)
Rendering rescues/layout (internal_server_error)
  [4;36;1mSQL (0.3ms)[0m   [0;1mSET NAMES 'utf8'[0m
  [4;35;1mSQL (0.1ms)[0m   [0mSET SQL_AUTO_IS_NULL=0[0m


Processing ApplicationController#index (for 127.0.0.1 at 2010-03-21 20:19:48) [GET]

SyntaxError (/home/dudi/Dropbox/Projects/Rails/moje/app/controllers/tasks_controller.rb:9: syntax error, unexpected $end, expecting kEND):
  

Rendered rescues/_trace (93.7ms)
Rendered rescues/_request_and_response (0.4ms)
Rendering rescues/layout (internal_server_error)
  [4;36;1mSQL (0.1ms)[0m   [0;1mSET NAMES 'utf8'[0m
  [4;35;1mSQL (0.1ms)[0m   [0mSET SQL_AUTO_IS_NULL=0[0m
  [4;36;1mSQL (0.2ms)[0m   [0;1mSHOW TABLES[0m
  [4;35;1mSQL (253.2ms)[0m   [0mCREATE TABLE `schema_migrations` (`version` varchar(255) NOT NULL) ENGINE=InnoDB[0m
  [4;36;1mSQL (554.9ms)[0m   [0;1mCREATE UNIQUE INDEX `unique_schema_migrations` ON `schema_migrations` (`version`)[0m
  [4;35;1mSQL (14.5ms)[0m   [0mSHOW TABLES[0m
  [4;36;1mSQL (1.3ms)[0m   [0;1mSELECT version FROM schema_migrations[0m
Migrating to CreateTasks (20100316182822)
  [4;35;1mSQL (281.4ms)[0m   [0mCREATE TABLE `tasks` (`id` int(11) DEFAULT NULL auto_increment PRIMARY KEY, `title` varchar(255), `description` text, `created_at` datetime, `updated_at` datetime) ENGINE=InnoDB[0m
  [4;36;1mSQL (156.4ms)[0m   [0;1mINSERT INTO schema_migrations (version) VALUES ('20100316182822')[0m
  [4;35;1mSQL (0.6ms)[0m   [0mSHOW TABLES[0m
  [4;36;1mSQL (0.2ms)[0m   [0;1mSELECT version FROM schema_migrations[0m
  [4;35;1mSQL (0.2ms)[0m   [0mSHOW TABLES[0m
  [4;36;1mSQL (1.5ms)[0m   [0;1mSHOW FIELDS FROM `tasks`[0m
  [4;35;1mSQL (0.7ms)[0m   [0mdescribe `tasks`[0m
  [4;36;1mSQL (0.2ms)[0m   [0;1mSHOW KEYS FROM `tasks`[0m
  [4;36;1mSQL (0.1ms)[0m   [0;1mSET NAMES 'utf8'[0m
  [4;35;1mSQL (3.1ms)[0m   [0mSET SQL_AUTO_IS_NULL=0[0m


Processing Rails::InfoController#properties (for 127.0.0.1 at 2010-03-21 20:32:23) [GET]
  [4;36;1mSQL (0.3ms)[0m   [0;1mSHOW TABLES[0m
  [4;35;1mSQL (0.1ms)[0m   [0mSELECT version FROM schema_migrations[0m
Completed in 92ms (View: 2, DB: 4) | 200 OK [http://localhost/rails/info/properties]
  [4;36;1mSQL (0.1ms)[0m   [0;1mSET NAMES 'utf8'[0m
  [4;35;1mSQL (0.1ms)[0m   [0mSET SQL_AUTO_IS_NULL=0[0m


Processing TasksController#index (for 127.0.0.1 at 2010-03-21 20:32:27) [GET]
  [4;36;1mTask Load (0.3ms)[0m   [0;1mSELECT * FROM `tasks` [0m
Rendering tasks/index
ERROR: compiling _run_erb_app47views47tasks47index46html46erb RAISED compile error
/home/dudi/Dropbox/Projects/Rails/moje/app/views/tasks/index.html.erb:14: syntax error, unexpected kENSURE, expecting $end
Function body:           def _run_erb_app47views47tasks47index46html46erb(local_assigns)
            old_output_buffer = output_buffer;;@output_buffer = '';  __in_erb_template=true ; @output_buffer.concat "<h1>Zadania do wykonania</h1>\n"
;  @tasks.each do |t| ; @output_buffer.concat "\n  <p> "
; @output_buffer.concat(( t.title ).to_s); @output_buffer.concat " </p>\n"
;  end ; @output_buffer.concat "\n\n< form_for :task, \n    :url => {:controller => :tasks,\n      :action=> :create\n      } do |f| %>\n  <div>"





; @output_buffer.concat(( f.text_field :title ).to_s); @output_buffer.concat "</div>\n  <div>"
; @output_buffer.concat(( submit_tag "zapisz" ).to_s); @output_buffer.concat "</div>\n"
;  end ; @output_buffer.concat "\n"
; @output_buffer
          ensure
            self.output_buffer = old_output_buffer
          end
Backtrace: /home/dudi/Dropbox/Projects/Rails/moje/app/views/tasks/index.html.erb:14:in `compile!'
/home/dudi/.gem/ruby/1.8/gems/actionpack-2.3.5/lib/action_view/renderable.rb:61:in `compile'
/home/dudi/.gem/ruby/1.8/gems/actionpack-2.3.5/lib/action_view/renderable.rb:28:in `render'
/home/dudi/.gem/ruby/1.8/gems/actionpack-2.3.5/lib/action_view/template.rb:205:in `render_template'
/home/dudi/.gem/ruby/1.8/gems/actionpack-2.3.5/lib/action_view/base.rb:265:in `render'
/home/dudi/.gem/ruby/1.8/gems/actionpack-2.3.5/lib/action_controller/base.rb:1250:in `render_for_file'
/home/dudi/.gem/ruby/1.8/gems/actionpack-2.3.5/lib/action_controller/base.rb:945:in `render_without_benchmark'
/home/dudi/.gem/ruby/1.8/gems/actionpack-2.3.5/lib/action_controller/benchmarking.rb:51:in `render'
/home/dudi/.gem/ruby/1.8/gems/activesupport-2.3.5/lib/active_support/core_ext/benchmark.rb:17:in `ms'
/usr/lib/ruby/1.8/benchmark.rb:308:in `realtime'
/home/dudi/.gem/ruby/1.8/gems/activesupport-2.3.5/lib/active_support/core_ext/benchmark.rb:17:in `ms'
/home/dudi/.gem/ruby/1.8/gems/actionpack-2.3.5/lib/action_controller/benchmarking.rb:51:in `render'
/home/dudi/.gem/ruby/1.8/gems/actionpack-2.3.5/lib/action_controller/base.rb:1326:in `default_render'
/home/dudi/.gem/ruby/1.8/gems/actionpack-2.3.5/lib/action_controller/base.rb:1332:in `perform_action_without_filters'
/home/dudi/.gem/ruby/1.8/gems/actionpack-2.3.5/lib/action_controller/filters.rb:617:in `call_filters'
/home/dudi/.gem/ruby/1.8/gems/actionpack-2.3.5/lib/action_controller/filters.rb:610:in `perform_action_without_benchmark'
/home/dudi/.gem/ruby/1.8/gems/actionpack-2.3.5/lib/action_controller/benchmarking.rb:68:in `perform_action_without_rescue'
/home/dudi/.gem/ruby/1.8/gems/activesupport-2.3.5/lib/active_support/core_ext/benchmark.rb:17:in `ms'
/usr/lib/ruby/1.8/benchmark.rb:308:in `realtime'
/home/dudi/.gem/ruby/1.8/gems/activesupport-2.3.5/lib/active_support/core_ext/benchmark.rb:17:in `ms'
/home/dudi/.gem/ruby/1.8/gems/actionpack-2.3.5/lib/action_controller/benchmarking.rb:68:in `perform_action_without_rescue'
/home/dudi/.gem/ruby/1.8/gems/actionpack-2.3.5/lib/action_controller/rescue.rb:160:in `perform_action_without_flash'
/home/dudi/.gem/ruby/1.8/gems/actionpack-2.3.5/lib/action_controller/flash.rb:146:in `perform_action'
/home/dudi/.gem/ruby/1.8/gems/actionpack-2.3.5/lib/action_controller/base.rb:532:in `send'
/home/dudi/.gem/ruby/1.8/gems/actionpack-2.3.5/lib/action_controller/base.rb:532:in `process_without_filters'
/home/dudi/.gem/ruby/1.8/gems/actionpack-2.3.5/lib/action_controller/filters.rb:606:in `process'
/home/dudi/.gem/ruby/1.8/gems/actionpack-2.3.5/lib/action_controller/base.rb:391:in `process'
/home/dudi/.gem/ruby/1.8/gems/actionpack-2.3.5/lib/action_controller/base.rb:386:in `call'
/home/dudi/.gem/ruby/1.8/gems/actionpack-2.3.5/lib/action_controller/routing/route_set.rb:437:in `call'
/home/dudi/.gem/ruby/1.8/gems/actionpack-2.3.5/lib/action_controller/dispatcher.rb:87:in `dispatch'
/home/dudi/.gem/ruby/1.8/gems/actionpack-2.3.5/lib/action_controller/dispatcher.rb:121:in `_call'
/home/dudi/.gem/ruby/1.8/gems/actionpack-2.3.5/lib/action_controller/dispatcher.rb:130:in `build_middleware_stack'
/home/dudi/.gem/ruby/1.8/gems/activerecord-2.3.5/lib/active_record/query_cache.rb:29:in `call'
/home/dudi/.gem/ruby/1.8/gems/activerecord-2.3.5/lib/active_record/query_cache.rb:29:in `call'
/home/dudi/.gem/ruby/1.8/gems/activerecord-2.3.5/lib/active_record/connection_adapters/abstract/query_cache.rb:34:in `cache'
/home/dudi/.gem/ruby/1.8/gems/activerecord-2.3.5/lib/active_record/query_cache.rb:9:in `cache'
/home/dudi/.gem/ruby/1.8/gems/activerecord-2.3.5/lib/active_record/query_cache.rb:28:in `call'
/home/dudi/.gem/ruby/1.8/gems/activerecord-2.3.5/lib/active_record/connection_adapters/abstract/connection_pool.rb:361:in `call'
/home/dudi/.gem/ruby/1.8/gems/actionpack-2.3.5/lib/action_controller/string_coercion.rb:25:in `call'
/usr/lib/ruby/gems/1.8/gems/rack-1.0.1/lib/rack/head.rb:9:in `call'
/usr/lib/ruby/gems/1.8/gems/rack-1.0.1/lib/rack/methodoverride.rb:24:in `call'
/home/dudi/.gem/ruby/1.8/gems/actionpack-2.3.5/lib/action_controller/params_parser.rb:15:in `call'
/home/dudi/.gem/ruby/1.8/gems/actionpack-2.3.5/lib/action_controller/session/cookie_store.rb:93:in `call'
/home/dudi/.gem/ruby/1.8/gems/actionpack-2.3.5/lib/action_controller/failsafe.rb:26:in `call'
/usr/lib/ruby/gems/1.8/gems/rack-1.0.1/lib/rack/lock.rb:11:in `call'
/usr/lib/ruby/gems/1.8/gems/rack-1.0.1/lib/rack/lock.rb:11:in `synchronize'
/usr/lib/ruby/gems/1.8/gems/rack-1.0.1/lib/rack/lock.rb:11:in `call'
/home/dudi/.gem/ruby/1.8/gems/actionpack-2.3.5/lib/action_controller/dispatcher.rb:114:in `call'
/home/dudi/.gem/ruby/1.8/gems/actionpack-2.3.5/lib/action_controller/reloader.rb:34:in `run'
/home/dudi/.gem/ruby/1.8/gems/actionpack-2.3.5/lib/action_controller/dispatcher.rb:108:in `call'
/home/dudi/.gem/ruby/1.8/gems/rails-2.3.5/lib/rails/rack/static.rb:31:in `call'
/usr/lib/ruby/gems/1.8/gems/rack-1.0.1/lib/rack/urlmap.rb:46:in `call'
/usr/lib/ruby/gems/1.8/gems/rack-1.0.1/lib/rack/urlmap.rb:40:in `each'
/usr/lib/ruby/gems/1.8/gems/rack-1.0.1/lib/rack/urlmap.rb:40:in `call'
/home/dudi/.gem/ruby/1.8/gems/rails-2.3.5/lib/rails/rack/log_tailer.rb:17:in `call'
/usr/lib/ruby/gems/1.8/gems/rack-1.0.1/lib/rack/content_length.rb:13:in `call'
/usr/lib/ruby/gems/1.8/gems/rack-1.0.1/lib/rack/chunked.rb:15:in `call'
/usr/lib/ruby/gems/1.8/gems/rack-1.0.1/lib/rack/handler/mongrel.rb:64:in `process'
/usr/lib/ruby/gems/1.8/gems/mongrel-1.1.5/lib/mongrel.rb:159:in `process_client'
/usr/lib/ruby/gems/1.8/gems/mongrel-1.1.5/lib/mongrel.rb:158:in `each'
/usr/lib/ruby/gems/1.8/gems/mongrel-1.1.5/lib/mongrel.rb:158:in `process_client'
/usr/lib/ruby/gems/1.8/gems/mongrel-1.1.5/lib/mongrel.rb:285:in `run'
/usr/lib/ruby/gems/1.8/gems/mongrel-1.1.5/lib/mongrel.rb:285:in `initialize'
/usr/lib/ruby/gems/1.8/gems/mongrel-1.1.5/lib/mongrel.rb:285:in `new'
/usr/lib/ruby/gems/1.8/gems/mongrel-1.1.5/lib/mongrel.rb:285:in `run'
/usr/lib/ruby/gems/1.8/gems/mongrel-1.1.5/lib/mongrel.rb:268:in `initialize'
/usr/lib/ruby/gems/1.8/gems/mongrel-1.1.5/lib/mongrel.rb:268:in `new'
/usr/lib/ruby/gems/1.8/gems/mongrel-1.1.5/lib/mongrel.rb:268:in `run'
/usr/lib/ruby/gems/1.8/gems/rack-1.0.1/lib/rack/handler/mongrel.rb:34:in `run'
/home/dudi/.gem/ruby/1.8/gems/rails-2.3.5/lib/commands/server.rb:111
/usr/local/lib/site_ruby/1.8/rubygems/custom_require.rb:31:in `gem_original_require'
/usr/local/lib/site_ruby/1.8/rubygems/custom_require.rb:31:in `require'
script/server:3

ActionView::TemplateError (compile error
/home/dudi/Dropbox/Projects/Rails/moje/app/views/tasks/index.html.erb:14: syntax error, unexpected kENSURE, expecting $end) on line #14 of app/views/tasks/index.html.erb:
11:   <div><%= submit_tag "zapisz" %></div>
12: <% end %>

    app/views/tasks/index.html.erb:14:in `compile!'

Rendered rescues/_trace (49.1ms)
Rendered rescues/_request_and_response (0.4ms)
Rendering rescues/layout (internal_server_error)
  [4;35;1mSQL (0.1ms)[0m   [0mSET NAMES 'utf8'[0m
  [4;36;1mSQL (2.8ms)[0m   [0;1mSET SQL_AUTO_IS_NULL=0[0m


Processing TasksController#index (for 127.0.0.1 at 2010-03-21 20:34:07) [GET]
  [4;35;1mTask Load (1.2ms)[0m   [0mSELECT * FROM `tasks` [0m
Rendering tasks/index
Completed in 37ms (View: 30, DB: 4) | 200 OK [http://localhost/tasks]
  [4;36;1mSQL (0.1ms)[0m   [0;1mSET NAMES 'utf8'[0m
  [4;35;1mSQL (0.1ms)[0m   [0mSET SQL_AUTO_IS_NULL=0[0m


Processing TasksController#create (for 127.0.0.1 at 2010-03-21 20:34:20) [POST]
  Parameters: {"commit"=>"zapisz", "authenticity_token"=>"xmgVzbhXWOOlv+dQ9v12AWbxdmPFlh3a14Iw2p0BDe4=", "task"=>{"title"=>"Nowe", "description"=>""}}
  [4;36;1mTask Columns (1.1ms)[0m   [0;1mSHOW FIELDS FROM `tasks`[0m
  [4;35;1mSQL (0.1ms)[0m   [0mBEGIN[0m
  [4;36;1mTask Create (0.2ms)[0m   [0;1mINSERT INTO `tasks` (`created_at`, `title`, `updated_at`, `description`) VALUES('2010-03-21 19:34:20', 'Nowe', '2010-03-21 19:34:20', '')[0m
  [4;35;1mSQL (155.3ms)[0m   [0mCOMMIT[0m
  [4;36;1mTask Load (0.4ms)[0m   [0;1mSELECT * FROM `tasks` [0m
Redirected to http://localhost:3000/tasks/%23%3CTask:0xb7494a78%3E
Completed in 170ms (DB: 157) | 302 Found [http://localhost/tasks/create]
  [4;35;1mSQL (0.1ms)[0m   [0mSET NAMES 'utf8'[0m
  [4;36;1mSQL (1.3ms)[0m   [0;1mSET SQL_AUTO_IS_NULL=0[0m


Processing TasksController##<Task:0xb7494a78> (for 127.0.0.1 at 2010-03-21 20:34:20) [GET]

ActionController::UnknownAction (No action responded to #<Task:0xb7494a78>. Actions: create and index):
  

Rendering rescues/layout (not_found)
  [4;35;1mSQL (12.0ms)[0m   [0mSET NAMES 'utf8'[0m
  [4;36;1mSQL (6.9ms)[0m   [0;1mSET SQL_AUTO_IS_NULL=0[0m


Processing TasksController#create (for 127.0.0.1 at 2010-03-21 20:34:31) [POST]
  Parameters: {"commit"=>"zapisz", "authenticity_token"=>"xmgVzbhXWOOlv+dQ9v12AWbxdmPFlh3a14Iw2p0BDe4=", "task"=>{"title"=>"Nowe", "description"=>"opis\r\n"}}
  [4;35;1mTask Columns (1.3ms)[0m   [0mSHOW FIELDS FROM `tasks`[0m
  [4;36;1mSQL (0.1ms)[0m   [0;1mBEGIN[0m
  [4;35;1mTask Create (0.2ms)[0m   [0mINSERT INTO `tasks` (`created_at`, `title`, `updated_at`, `description`) VALUES('2010-03-21 19:34:31', 'Nowe', '2010-03-21 19:34:31', 'opis\r\n')[0m
  [4;36;1mSQL (117.0ms)[0m   [0;1mCOMMIT[0m
  [4;35;1mTask Load (0.5ms)[0m   [0mSELECT * FROM `tasks` [0m
Redirected to http://localhost:3000/tasks/%23%3CTask:0xb730d18c%3E%23%3CTask:0xb730cea8%3E
Completed in 131ms (DB: 138) | 302 Found [http://localhost/tasks/create]
  [4;36;1mSQL (0.2ms)[0m   [0;1mSET NAMES 'utf8'[0m
  [4;35;1mSQL (7.4ms)[0m   [0mSET SQL_AUTO_IS_NULL=0[0m


Processing TasksController##<Task:0xb730d18c>#<Task:0xb730cea8> (for 127.0.0.1 at 2010-03-21 20:34:31) [GET]

ActionController::UnknownAction (No action responded to #<Task:0xb730d18c>#<Task:0xb730cea8>. Actions: create and index):
  

Rendering rescues/layout (not_found)
  [4;36;1mSQL (0.1ms)[0m   [0;1mSET NAMES 'utf8'[0m
  [4;35;1mSQL (2.0ms)[0m   [0mSET SQL_AUTO_IS_NULL=0[0m


Processing TasksController#create (for 127.0.0.1 at 2010-03-21 20:43:17) [POST]
  Parameters: {"commit"=>"zapisz", "authenticity_token"=>"xmgVzbhXWOOlv+dQ9v12AWbxdmPFlh3a14Iw2p0BDe4=", "task"=>{"title"=>"Nowe", "description"=>"opis\r\n"}}
  [4;36;1mTask Columns (1.7ms)[0m   [0;1mSHOW FIELDS FROM `tasks`[0m
  [4;35;1mSQL (0.1ms)[0m   [0mBEGIN[0m
  [4;36;1mTask Create (0.3ms)[0m   [0;1mINSERT INTO `tasks` (`created_at`, `title`, `updated_at`, `description`) VALUES('2010-03-21 19:43:17', 'Nowe', '2010-03-21 19:43:17', 'opis\r\n')[0m
  [4;35;1mSQL (105.5ms)[0m   [0mCOMMIT[0m
  [4;36;1mTask Load (0.6ms)[0m   [0;1mSELECT * FROM `tasks` [0m
Redirected to http://localhost:3000/tasks/%23%3CTask:0xb720cc60%3E%23%3CTask:0xb720cc10%3E%23%3CTask:0xb720cbc0%3E
Completed in 120ms (DB: 110) | 302 Found [http://localhost/tasks/create]


Processing TasksController#index (for 127.0.0.1 at 2010-03-21 20:43:44) [GET]
  [4;35;1mTask Load (0.1ms)[0m   [0mSELECT * FROM `tasks` [0m
Rendering tasks/index
Completed in 4ms (View: 3, DB: 0) | 200 OK [http://localhost/tasks]


Processing ApplicationController#index (for 127.0.0.1 at 2010-03-21 20:43:49) [GET]

ActionController::RoutingError (No route matches "/task" with {:method=>:get}):
  

Rendering rescues/layout (not_found)


Processing TasksController#index (for 127.0.0.1 at 2010-03-21 20:43:51) [GET]
  [4;36;1mTask Load (0.1ms)[0m   [0;1mSELECT * FROM `tasks` [0m
Rendering tasks/index
Completed in 4ms (View: 3, DB: 0) | 200 OK [http://localhost/tasks]


Processing Rails::InfoController#properties (for 127.0.0.1 at 2010-03-21 20:45:50) [GET]
  [4;35;1mSQL (0.3ms)[0m   [0mSHOW TABLES[0m
  [4;36;1mSQL (0.1ms)[0m   [0;1mSELECT version FROM schema_migrations[0m
Completed in 26ms (View: 1, DB: 0) | 200 OK [http://localhost/rails/info/properties]


Processing Rails::InfoController#properties (for 127.0.0.1 at 2010-03-21 20:45:51) [GET]
Completed in 3ms (View: 2, DB: 0) | 200 OK [http://localhost/rails/info/properties]


Processing Rails::InfoController#properties (for 127.0.0.1 at 2010-03-21 20:45:52) [GET]
Completed in 3ms (View: 2, DB: 0) | 200 OK [http://localhost/rails/info/properties]


Processing Rails::InfoController#properties (for 127.0.0.1 at 2010-03-21 20:45:53) [GET]
Completed in 3ms (View: 2, DB: 0) | 200 OK [http://localhost/rails/info/properties]


Processing Rails::InfoController#properties (for 127.0.0.1 at 2010-03-21 20:47:06) [GET]
Completed in 3ms (View: 2, DB: 0) | 200 OK [http://0.0.0.0/rails/info/properties]


Processing Rails::InfoController#properties (for 127.0.0.1 at 2010-03-21 20:47:47) [GET]
Completed in 3ms (View: 2, DB: 0) | 200 OK [http://localhost/rails/info/properties]


Processing TasksController#index (for 127.0.0.1 at 2010-03-21 20:47:57) [GET]
  [4;35;1mTask Load (5.2ms)[0m   [0mSELECT * FROM `tasks` [0m
Rendering tasks/index
Completed in 11ms (View: 3, DB: 5) | 200 OK [http://localhost/tasks]


Processing ApplicationController#index (for 127.0.0.1 at 2010-03-21 20:48:00) [GET]

ActionController::RoutingError (No route matches "/taskss" with {:method=>:get}):
  

Rendering rescues/layout (not_found)
  [4;36;1mSQL (0.3ms)[0m   [0;1mSET NAMES 'utf8'[0m
  [4;35;1mSQL (0.2ms)[0m   [0mSET SQL_AUTO_IS_NULL=0[0m


Processing Rails::InfoController#properties (for 127.0.0.1 at 2010-03-21 21:00:33) [GET]
  [4;36;1mSQL (0.5ms)[0m   [0;1mSHOW TABLES[0m
  [4;35;1mSQL (14.4ms)[0m   [0mSELECT version FROM schema_migrations[0m
Completed in 149ms (View: 23, DB: 15) | 200 OK [http://localhost/rails/info/properties]
  [4;36;1mSQL (0.1ms)[0m   [0;1mSET NAMES 'utf8'[0m
  [4;35;1mSQL (0.1ms)[0m   [0mSET SQL_AUTO_IS_NULL=0[0m


Processing TasksController#index (for 127.0.0.1 at 2010-03-21 21:00:42) [GET]
  [4;36;1mTask Load (0.5ms)[0m   [0;1mSELECT * FROM `tasks` [0m
Rendering tasks/index
  [4;35;1mTask Columns (1.4ms)[0m   [0mSHOW FIELDS FROM `tasks`[0m
Completed in 149ms (View: 126, DB: 2) | 200 OK [http://localhost/tasks]
  [4;36;1mSQL (0.1ms)[0m   [0;1mSET NAMES 'utf8'[0m
  [4;35;1mSQL (0.1ms)[0m   [0mSET SQL_AUTO_IS_NULL=0[0m


Processing TasksController#index (for 127.0.0.1 at 2010-03-21 21:02:53) [GET]
  [4;36;1mTask Load (0.1ms)[0m   [0;1mSELECT * FROM `tasks` [0m
Rendering tasks/index
  [4;35;1mTask Columns (0.7ms)[0m   [0mSHOW FIELDS FROM `tasks`[0m

ActionView::TemplateError (wrong number of arguments (1 for 0)) on line #3 of app/views/tasks/index.html.erb:
1: <h1>Zadania do wykonania</h1>
2: <% @tasks.each do |t| %>
3:   <p><%= t.title t.description%></p>
4: <% end %>
5: <h2>Dodaj zadanie</h2>
6: <% form_for :task,

    app/views/tasks/index.html.erb:3:in `title'
    app/views/tasks/index.html.erb:3
    app/views/tasks/index.html.erb:2:in `each'
    app/views/tasks/index.html.erb:2

Rendered rescues/_trace (54.7ms)
Rendered rescues/_request_and_response (1.6ms)
Rendering rescues/layout (internal_server_error)
  [4;36;1mSQL (0.1ms)[0m   [0;1mSET NAMES 'utf8'[0m
  [4;35;1mSQL (0.1ms)[0m   [0mSET SQL_AUTO_IS_NULL=0[0m


Processing TasksController#index (for 127.0.0.1 at 2010-03-21 21:03:19) [GET]
  [4;36;1mTask Load (0.1ms)[0m   [0;1mSELECT * FROM `tasks` [0m
Rendering tasks/index
  [4;35;1mTask Columns (0.7ms)[0m   [0mSHOW FIELDS FROM `tasks`[0m
Completed in 16ms (View: 9, DB: 1) | 200 OK [http://localhost/tasks]
  [4;36;1mSQL (0.1ms)[0m   [0;1mSET NAMES 'utf8'[0m
  [4;35;1mSQL (0.1ms)[0m   [0mSET SQL_AUTO_IS_NULL=0[0m


Processing TasksController#create (for 127.0.0.1 at 2010-03-21 21:03:40) [POST]
  Parameters: {"commit"=>"zapisz", "authenticity_token"=>"hGJLsXvq3bhw580VDY00UNtaFAMBRQ3NbNfCv//2HhQ=", "task"=>{"title"=>"Zadanie 1", "description"=>"Zrobic cos tam"}}
  [4;36;1mTask Columns (0.7ms)[0m   [0;1mSHOW FIELDS FROM `tasks`[0m
  [4;35;1mSQL (0.1ms)[0m   [0mBEGIN[0m
  [4;36;1mTask Create (0.3ms)[0m   [0;1mINSERT INTO `tasks` (`created_at`, `title`, `updated_at`, `description`) VALUES('2010-03-21 20:03:40', 'Zadanie 1', '2010-03-21 20:03:40', 'Zrobic cos tam')[0m
  [4;35;1mSQL (115.5ms)[0m   [0mCOMMIT[0m
  [4;36;1mTask Load (0.5ms)[0m   [0;1mSELECT * FROM `tasks` [0m
Redirected to http://localhost:3000/tasks/%23%3CTask:0xb75ef440%3E%23%3CTask:0xb75ef3f0%3E%23%3CTask:0xb75ef2b0%3E%23%3CTask:0xb75ef210%3E
Completed in 129ms (DB: 117) | 302 Found [http://localhost/tasks/create]
  [4;35;1mSQL (0.1ms)[0m   [0mSET NAMES 'utf8'[0m
  [4;36;1mSQL (0.1ms)[0m   [0;1mSET SQL_AUTO_IS_NULL=0[0m


Processing TasksController##<Task:0xb75ef440>#<Task:0xb75ef3f0>#<Task:0xb75ef2b0>#<Task:0xb75ef210> (for 127.0.0.1 at 2010-03-21 21:03:40) [GET]

ActionController::UnknownAction (No action responded to #<Task:0xb75ef440>#<Task:0xb75ef3f0>#<Task:0xb75ef2b0>#<Task:0xb75ef210>. Actions: create and index):
  

Rendering rescues/layout (not_found)
  [4;35;1mSQL (0.1ms)[0m   [0mSET NAMES 'utf8'[0m
  [4;36;1mSQL (0.1ms)[0m   [0;1mSET SQL_AUTO_IS_NULL=0[0m


Processing TasksController#index (for 127.0.0.1 at 2010-03-21 21:03:55) [GET]
  [4;35;1mTask Load (0.2ms)[0m   [0mSELECT * FROM `tasks` [0m
Rendering tasks/index
  [4;36;1mTask Columns (0.8ms)[0m   [0;1mSHOW FIELDS FROM `tasks`[0m
Completed in 19ms (View: 11, DB: 1) | 200 OK [http://localhost/tasks/]
  [4;35;1mSQL (0.1ms)[0m   [0mSET NAMES 'utf8'[0m
  [4;36;1mSQL (0.1ms)[0m   [0;1mSET SQL_AUTO_IS_NULL=0[0m


Processing TasksController#create (for 127.0.0.1 at 2010-03-21 21:05:06) [POST]
  Parameters: {"commit"=>"zapisz", "authenticity_token"=>"hGJLsXvq3bhw580VDY00UNtaFAMBRQ3NbNfCv//2HhQ=", "task"=>{"title"=>"Zadanie 2", "description"=>"Cos nowego"}}
  [4;35;1mTask Columns (0.7ms)[0m   [0mSHOW FIELDS FROM `tasks`[0m
  [4;36;1mSQL (0.1ms)[0m   [0;1mBEGIN[0m
  [4;35;1mTask Create (0.2ms)[0m   [0mINSERT INTO `tasks` (`created_at`, `title`, `updated_at`, `description`) VALUES('2010-03-21 20:05:06', 'Zadanie 2', '2010-03-21 20:05:06', 'Cos nowego')[0m
  [4;36;1mSQL (107.1ms)[0m   [0;1mCOMMIT[0m
Redirected to http://localhost:3000/tasks
Completed in 119ms (DB: 108) | 302 Found [http://localhost/tasks/create]
  [4;35;1mSQL (0.1ms)[0m   [0mSET NAMES 'utf8'[0m
  [4;36;1mSQL (0.1ms)[0m   [0;1mSET SQL_AUTO_IS_NULL=0[0m


Processing TasksController#index (for 127.0.0.1 at 2010-03-21 21:05:06) [GET]
  [4;35;1mTask Load (0.3ms)[0m   [0mSELECT * FROM `tasks` [0m
Rendering tasks/index
  [4;36;1mTask Columns (0.6ms)[0m   [0;1mSHOW FIELDS FROM `tasks`[0m
Completed in 12ms (View: 5, DB: 1) | 200 OK [http://localhost/tasks]
